2025-09-08 14:31:07.230 [info] Extension host with pid 15741 started
2025-09-08 14:31:07.230 [info] Skipping acquiring lock for /home/nekraut/.config/Code/User/workspaceStorage/e8c2aa1c715c9318dd00e6eac4a48f12.
2025-09-08 14:31:07.369 [info] ExtensionService#_doActivateExtension vscode.github-authentication, startup: false, activationEvent: 'onAuthenticationRequest:github'
2025-09-08 14:31:07.408 [info] ExtensionService#_doActivateExtension vscode.emmet, startup: false, activationEvent: 'onLanguage'
2025-09-08 14:31:07.440 [info] ExtensionService#_doActivateExtension redhat.vscode-yaml, startup: false, activationEvent: 'onLanguage:yaml', root cause: me-dutour-mathieu.vscode-github-actions
2025-09-08 14:31:07.657 [info] ExtensionService#_doActivateExtension me-dutour-mathieu.vscode-github-actions, startup: false, activationEvent: 'onLanguage:yaml'
2025-09-08 14:31:07.707 [info] Extension host with pid 15792 started
2025-09-08 14:31:07.707 [info] Skipping acquiring lock for /home/nekraut/.config/Code/User/workspaceStorage/e8c2aa1c715c9318dd00e6eac4a48f12.
2025-09-08 14:31:07.719 [info] Eager extensions activated
2025-09-08 14:31:07.741 [info] ExtensionService#_doActivateExtension vscode.git-base, startup: true, activationEvent: '*', root cause: vscode.git
2025-09-08 14:31:07.761 [info] ExtensionService#_doActivateExtension asvetliakov.vscode-neovim, startup: false, activationEvent: 'onStartupFinished'
2025-09-08 14:31:07.790 [info] ExtensionService#_doActivateExtension vscode.git, startup: true, activationEvent: '*'
2025-09-08 14:31:07.865 [info] ExtensionService#_doActivateExtension vscode.github, startup: true, activationEvent: '*'
2025-09-08 14:31:08.004 [info] Eager extensions activated
2025-09-08 14:31:08.017 [warning] [redhat.vscode-yaml] Accessing a resource scoped configuration without providing a resource is not expected. To get the effective value for '[yaml]', provide the URI of a resource or 'null' for any resource.
2025-09-08 14:31:08.019 [warning] [redhat.vscode-yaml] Accessing a resource scoped configuration without providing a resource is not expected. To get the effective value for '[yaml]', provide the URI of a resource or 'null' for any resource.
2025-09-08 14:31:08.050 [info] ExtensionService#_doActivateExtension vscode.debug-auto-launch, startup: false, activationEvent: 'onStartupFinished'
2025-09-08 14:31:08.053 [info] ExtensionService#_doActivateExtension vscode.merge-conflict, startup: false, activationEvent: 'onStartupFinished'
2025-09-08 14:31:08.230 [warning] [redhat.vscode-yaml] Accessing a resource scoped configuration without providing a resource is not expected. To get the effective value for '[yaml]', provide the URI of a resource or 'null' for any resource.
2025-09-08 14:31:08.306 [warning] [redhat.vscode-yaml] Accessing a resource scoped configuration without providing a resource is not expected. To get the effective value for '[yaml]', provide the URI of a resource or 'null' for any resource.
2025-09-08 14:31:09.136 [warning] [redhat.vscode-yaml] Accessing a resource scoped configuration without providing a resource is not expected. To get the effective value for '[yaml]', provide the URI of a resource or 'null' for any resource.
2025-09-08 15:02:08.712 [info] Extension host terminating: renderer closed the MessagePort
2025-09-08 15:02:08.722 [info] Extension host terminating: renderer closed the MessagePort
2025-09-08 15:02:08.729 [warning] ExtHostTextEditorOptions 'setCursorStyle' failed:'
2025-09-08 15:02:08.733 [warning] Canceled
2025-09-08 15:02:08.733 [info] Extension host with pid 15792 exiting with code 0
2025-09-08 15:02:08.736 [info] Extension host with pid 15741 exiting with code 0
