2025-09-01 02:47:54.010 [info] [main] Log level: Info
2025-09-01 02:47:54.010 [info] [main] Validating found git in: "git"
2025-09-01 02:47:54.010 [info] [main] Using git "2.51.0" from "git"
2025-09-01 02:47:54.010 [info] [Model][doInitialScan] Initial repository scan started
2025-09-01 02:47:54.010 [info] > git rev-parse --show-toplevel [40ms]
2025-09-01 02:47:54.010 [info] > git rev-parse --show-toplevel [8ms]
2025-09-01 02:47:54.010 [info] [Model][doInitialScan] Initial repository scan completed - repositories (0), closed repositories (0), parent repositories (1), unsafe repositories (0)
2025-09-01 02:47:54.597 [info] > git rev-parse --show-toplevel [2ms]
2025-09-01 02:47:54.607 [info] > git rev-parse --show-toplevel [2ms]
2025-09-01 02:47:56.558 [info] > git rev-parse --show-toplevel [2ms]
2025-09-01 02:48:13.073 [info] > git rev-parse --show-toplevel [2ms]
2025-09-01 02:48:15.254 [info] > git rev-parse --show-toplevel [2ms]
2025-09-01 02:48:15.264 [info] > git rev-parse --show-toplevel [2ms]
2025-09-01 02:48:16.503 [info] > git rev-parse --show-toplevel [3ms]
2025-09-01 02:48:25.686 [info] > git rev-parse --show-toplevel [3ms]
2025-09-01 02:48:26.612 [info] > git rev-parse --show-toplevel [3ms]
2025-09-01 02:48:27.838 [info] > git rev-parse --show-toplevel [3ms]
2025-09-01 02:48:30.776 [info] > git rev-parse --show-toplevel [2ms]
2025-09-01 02:48:30.785 [info] > git rev-parse --show-toplevel [2ms]
2025-09-01 02:48:33.459 [info] > git rev-parse --show-toplevel [2ms]
2025-09-01 02:48:33.469 [info] > git rev-parse --show-toplevel [3ms]
2025-09-01 02:48:33.479 [info] > git rev-parse --show-toplevel [1ms]
2025-09-01 02:48:35.702 [info] > git rev-parse --show-toplevel [2ms]
2025-09-01 02:48:35.712 [info] > git rev-parse --show-toplevel [2ms]
2025-09-01 02:48:36.828 [info] > git rev-parse --show-toplevel [3ms]
2025-09-01 02:58:33.507 [info] > git rev-parse --show-toplevel [3ms]
2025-09-01 02:58:37.215 [info] > git rev-parse --show-toplevel [2ms]
2025-09-01 02:58:45.959 [info] > git rev-parse --show-toplevel [3ms]
2025-09-01 02:58:56.844 [info] > git rev-parse --show-toplevel [5ms]
2025-09-01 02:58:56.858 [info] > git rev-parse --show-toplevel [2ms]
2025-09-01 02:58:58.736 [info] > git rev-parse --show-toplevel [3ms]
2025-09-01 02:58:58.749 [info] > git rev-parse --show-toplevel [3ms]
2025-09-01 02:58:58.761 [info] > git rev-parse --show-toplevel [2ms]
2025-09-01 02:59:02.885 [info] > git rev-parse --show-toplevel [2ms]
2025-09-01 02:59:02.896 [info] > git rev-parse --show-toplevel [2ms]
2025-09-01 02:59:04.767 [info] > git rev-parse --show-toplevel [2ms]
2025-09-01 02:59:10.260 [info] > git rev-parse --show-toplevel [4ms]
2025-09-01 02:59:10.657 [info] > git rev-parse --show-toplevel [3ms]
2025-09-01 02:59:12.589 [info] > git rev-parse --show-toplevel [2ms]
2025-09-01 02:59:12.600 [info] > git rev-parse --show-toplevel [2ms]
2025-09-01 03:01:08.705 [info] > git rev-parse --show-toplevel [3ms]
2025-09-01 03:01:08.715 [info] > git rev-parse --show-toplevel [2ms]
2025-09-01 03:01:08.726 [info] > git rev-parse --show-toplevel [2ms]
2025-09-01 03:01:10.230 [info] > git rev-parse --show-toplevel [2ms]
2025-09-01 03:01:10.242 [info] > git rev-parse --show-toplevel [2ms]
2025-09-01 03:01:11.971 [info] > git rev-parse --show-toplevel [2ms]
2025-09-01 03:01:16.345 [info] > git rev-parse --show-toplevel [3ms]
2025-09-01 03:01:18.820 [info] > git rev-parse --show-toplevel [2ms]
2025-09-01 03:01:19.314 [info] > git rev-parse --show-toplevel [2ms]
2025-09-01 03:13:54.042 [info] > git rev-parse --show-toplevel [4ms]
2025-09-01 03:13:55.256 [info] > git rev-parse --show-toplevel [2ms]
2025-09-01 03:13:56.234 [info] > git rev-parse --show-toplevel [4ms]
2025-09-01 03:13:58.216 [info] > git rev-parse --show-toplevel [2ms]
2025-09-01 03:13:58.226 [info] > git rev-parse --show-toplevel [2ms]
2025-09-01 03:14:01.743 [info] > git rev-parse --show-toplevel [2ms]
2025-09-01 03:14:04.242 [info] > git rev-parse --show-toplevel [3ms]
2025-09-01 03:14:41.911 [info] > git rev-parse --show-toplevel [3ms]
2025-09-01 03:14:43.112 [info] > git rev-parse --show-toplevel [4ms]
2025-09-01 03:27:32.014 [info] > git rev-parse --show-toplevel [3ms]
2025-09-01 03:27:32.609 [info] > git rev-parse --show-toplevel [3ms]
2025-09-01 03:27:33.182 [info] > git rev-parse --show-toplevel [8ms]
2025-09-01 03:27:34.277 [info] > git rev-parse --show-toplevel [4ms]
2025-09-01 03:27:37.050 [info] > git rev-parse --show-toplevel [7ms]
