2025-10-02 17:50:13.865 [info] Extension host with pid 39781 started
2025-10-02 17:50:13.865 [info] Skipping acquiring lock for /home/nekraut/.config/Code/User/workspaceStorage/689098140a92f87dfb28fcedd1959f88.
2025-10-02 17:50:13.915 [info] ExtensionService#_doActivateExtension vscode.github-authentication, startup: false, activationEvent: 'onAuthenticationRequest:github'
2025-10-02 17:50:13.940 [info] ExtensionService#_doActivateExtension vscode.emmet, startup: false, activationEvent: 'onLanguage'
2025-10-02 17:50:13.987 [info] ExtensionService#_doActivateExtension vscode.git-base, startup: true, activationEvent: '*'
2025-10-02 17:50:13.989 [info] ExtensionService#_doActivateExtension vscode.npm, startup: true, activationEvent: 'workspaceContains:package.json'
2025-10-02 17:50:14.082 [info] ExtensionService#_doActivateExtension vscode.github, startup: true, activationEvent: '*'
2025-10-02 17:50:14.138 [info] Eager extensions activated
2025-10-02 17:50:14.165 [info] ExtensionService#_doActivateExtension vscode.debug-auto-launch, startup: false, activationEvent: 'onStartupFinished'
2025-10-02 17:50:14.168 [info] ExtensionService#_doActivateExtension vscode.merge-conflict, startup: false, activationEvent: 'onStartupFinished'
2025-10-02 17:50:17.947 [info] ExtensionService#_doActivateExtension vscode.git, startup: false, activationEvent: 'api', root cause: vscode.github
2025-10-02 17:50:18.004 [info] ExtensionService#_doActivateExtension asvetliakov.vscode-neovim, startup: false, activationEvent: 'onStartupFinished'
2025-10-02 17:50:19.164 [info] ExtensionService#_doActivateExtension vscode.configuration-editing, startup: false, activationEvent: 'onLanguage:json'
2025-10-02 17:50:19.174 [info] ExtensionService#_doActivateExtension vscode.extension-editing, startup: false, activationEvent: 'onLanguage:json'
2025-10-02 17:50:19.189 [info] ExtensionService#_doActivateExtension vscode.json-language-features, startup: false, activationEvent: 'onLanguage:json'
2025-10-02 17:50:26.340 [info] ExtensionService#_doActivateExtension vscode.typescript-language-features, startup: false, activationEvent: 'onLanguage:javascriptreact'
2025-10-02 17:50:40.503 [info] Extension host terminating: renderer closed the MessagePort
2025-10-02 17:50:40.520 [warning] ExtHostTextEditorOptions 'setCursorStyle' failed:'
2025-10-02 17:50:40.520 [warning] Canceled
2025-10-02 17:50:40.527 [info] Extension host with pid 39781 exiting with code 0
