2025-10-02 16:58:27.510 [info] Extension host with pid 33156 started
2025-10-02 16:58:27.510 [info] Skipping acquiring lock for /home/nekraut/.config/Code/User/workspaceStorage/b8f173cbdc8ff0010e632c5392b960b7.
2025-10-02 16:58:27.554 [info] ExtensionService#_doActivateExtension vscode.github-authentication, startup: false, activationEvent: 'onAuthenticationRequest:github'
2025-10-02 16:58:27.583 [info] ExtensionService#_doActivateExtension vscode.emmet, startup: false, activationEvent: 'onLanguage'
2025-10-02 16:58:27.636 [info] ExtensionService#_doActivateExtension vscode.git-base, startup: true, activationEvent: '*'
2025-10-02 16:58:27.639 [info] ExtensionService#_doActivateExtension vscode.npm, startup: true, activationEvent: 'workspaceContains:package.json'
2025-10-02 16:58:27.681 [info] ExtensionService#_doActivateExtension vscode.github, startup: true, activationEvent: '*'
2025-10-02 16:58:27.734 [info] Eager extensions activated
2025-10-02 16:58:27.738 [info] ExtensionService#_doActivateExtension vscode.debug-auto-launch, startup: false, activationEvent: 'onStartupFinished'
2025-10-02 16:58:27.741 [info] ExtensionService#_doActivateExtension vscode.merge-conflict, startup: false, activationEvent: 'onStartupFinished'
2025-10-02 16:58:31.261 [info] ExtensionService#_doActivateExtension vscode.git, startup: false, activationEvent: 'api', root cause: vscode.github
2025-10-02 16:58:31.326 [info] ExtensionService#_doActivateExtension asvetliakov.vscode-neovim, startup: false, activationEvent: 'onStartupFinished'
2025-10-02 16:58:32.747 [info] ExtensionService#_doActivateExtension vscode.configuration-editing, startup: false, activationEvent: 'onLanguage:json'
2025-10-02 16:58:32.758 [info] ExtensionService#_doActivateExtension vscode.extension-editing, startup: false, activationEvent: 'onLanguage:json'
2025-10-02 16:58:32.775 [info] ExtensionService#_doActivateExtension vscode.json-language-features, startup: false, activationEvent: 'onLanguage:json'
2025-10-02 16:58:43.656 [info] ExtensionService#_doActivateExtension vscode.typescript-language-features, startup: false, activationEvent: 'onLanguage:typescriptreact'
2025-10-02 18:11:34.090 [info] Extension host terminating: renderer closed the MessagePort
2025-10-02 18:11:34.114 [warning] ExtHostTextEditorOptions 'setCursorStyle' failed:'
2025-10-02 18:11:34.115 [warning] Canceled
2025-10-02 18:11:34.118 [info] Extension host with pid 33156 exiting with code 0
