2025-10-02 17:02:16.088 [info] MessagesManager: '?non-             \n'
2025-10-02 17:02:16.090 [info] MessagesManager: '?non-             \nE486: Pattern not found: non-\n'
2025-10-02 17:02:17.471 [info] MessagesManager: '?non-             \n'
2025-10-02 17:02:17.472 [info] MessagesManager: '?non-             \nE486: Pattern not found: non-\n'
2025-10-02 17:02:17.621 [info] MessagesManager: '?non-             \n'
2025-10-02 17:02:17.622 [info] MessagesManager: '?non-             \nE486: Pattern not found: non-\n'
2025-10-02 17:02:19.461 [info] MessagesManager: '/non-             \n'
2025-10-02 17:02:19.462 [info] MessagesManager: '/non-             \nE486: Pattern not found: non-\n'
2025-10-02 17:02:48.276 [info] MessagesManager: '/non-             \n'
2025-10-02 17:02:48.277 [info] MessagesManager: '/non-             \nE486: Pattern not found: non-\n'
2025-10-02 17:02:48.584 [info] MessagesManager: '/non-             \n'
2025-10-02 17:02:48.585 [info] MessagesManager: '/non-             \nE486: Pattern not found: non-\n'
2025-10-02 17:03:06.387 [info] MessagesManager: '1 change; before #3  2 seconds ago\n'
2025-10-02 17:03:06.745 [info] MessagesManager: '1 change; before #2  4 seconds ago\n'
2025-10-02 17:03:07.072 [info] MessagesManager: 'Already at oldest change\n'
2025-10-02 17:03:07.395 [info] MessagesManager: 'Already at oldest change\n'
2025-10-02 17:03:07.864 [info] MessagesManager: 'Already at oldest change\n'
2025-10-02 17:03:08.177 [info] MessagesManager: 'Already at oldest change\n'
2025-10-02 17:03:08.463 [info] MessagesManager: 'Already at oldest change\n'
2025-10-02 17:03:08.646 [info] MessagesManager: 'Already at oldest change\n'
2025-10-02 17:03:08.816 [info] MessagesManager: 'Already at oldest change\n'
2025-10-02 17:03:08.979 [info] MessagesManager: 'Already at oldest change\n'
2025-10-02 17:03:09.217 [info] MessagesManager: 'Already at oldest change\n'
2025-10-02 17:03:09.426 [info] MessagesManager: 'Already at oldest change\n'
2025-10-02 17:03:09.627 [info] MessagesManager: 'Already at oldest change\n'
2025-10-02 17:03:09.832 [info] MessagesManager: 'Already at oldest change\n'
2025-10-02 18:05:47.439 [info] MessagesManager: '3 fewer lines\n'
2025-10-02 18:05:59.180 [info] MessagesManager: '1 more line; before #24  11 seconds ago\n'
2025-10-02 18:05:59.776 [info] MessagesManager: '3 more lines; before #23  12 seconds ago\n'
