2025-08-30 05:59:13.468 [info] Reading sessions from keychain...
2025-08-30 05:59:13.468 [info] Getting sessions for all scopes...
2025-08-30 05:59:13.475 [info] Got 0 sessions for ...
2025-08-30 05:59:13.476 [info] Getting sessions for all scopes...
2025-08-30 05:59:13.476 [info] Got 0 sessions for ...
2025-08-30 05:59:13.476 [info] Getting sessions for all scopes...
2025-08-30 05:59:13.476 [info] Got 0 sessions for ...
2025-08-30 05:59:13.535 [info] Getting sessions for all scopes...
2025-08-30 05:59:13.535 [info] Got 0 sessions for ...
2025-08-30 05:59:13.724 [info] Getting sessions for all scopes...
2025-08-30 05:59:13.724 [info] Got 0 sessions for ...
2025-08-30 05:59:13.724 [info] Getting sessions for all scopes...
2025-08-30 05:59:13.724 [info] Got 0 sessions for ...
2025-08-30 05:59:13.724 [info] Getting sessions for all scopes...
2025-08-30 05:59:13.724 [info] Got 0 sessions for ...
2025-08-30 05:59:13.724 [info] Getting sessions for all scopes...
2025-08-30 05:59:13.724 [info] Got 0 sessions for ...
2025-08-30 05:59:13.725 [info] Getting sessions for all scopes...
2025-08-30 05:59:13.725 [info] Got 0 sessions for ...
2025-08-30 05:59:13.733 [info] Getting sessions for all scopes...
2025-08-30 05:59:13.733 [info] Got 0 sessions for ...
2025-08-30 05:59:13.733 [info] Getting sessions for all scopes...
2025-08-30 05:59:13.733 [info] Got 0 sessions for ...
2025-08-30 05:59:13.733 [info] Getting sessions for all scopes...
2025-08-30 05:59:13.733 [info] Got 0 sessions for ...
2025-08-30 05:59:13.734 [info] Getting sessions for all scopes...
2025-08-30 05:59:13.734 [info] Got 0 sessions for ...
2025-08-30 05:59:13.734 [info] Getting sessions for all scopes...
2025-08-30 05:59:13.734 [info] Got 0 sessions for ...
2025-08-30 05:59:13.790 [info] Getting sessions for all scopes...
2025-08-30 05:59:13.790 [info] Got 0 sessions for ...
2025-08-30 05:59:15.287 [info] Getting sessions for all scopes...
2025-08-30 05:59:15.287 [info] Got 0 sessions for ...
2025-08-30 05:59:15.288 [info] Getting sessions for all scopes...
2025-08-30 05:59:15.288 [info] Got 0 sessions for ...
2025-08-30 05:59:15.291 [info] Getting sessions for all scopes...
2025-08-30 05:59:15.291 [info] Got 0 sessions for ...
2025-08-30 05:59:33.455 [info] Getting sessions for read:user,repo,user:email,workflow...
2025-08-30 05:59:33.455 [info] Got 0 sessions for read:user,repo,user:email,workflow...
