2025-10-02 17:50:13.985 [info] Reading sessions from keychain...
2025-10-02 17:50:13.985 [info] Getting sessions for all scopes...
2025-10-02 17:50:14.013 [info] Got 0 sessions for ...
2025-10-02 17:50:14.013 [info] Getting sessions for all scopes...
2025-10-02 17:50:14.013 [info] Got 0 sessions for ...
2025-10-02 17:50:14.013 [info] Getting sessions for all scopes...
2025-10-02 17:50:14.013 [info] Got 0 sessions for ...
2025-10-02 17:50:14.013 [info] Getting sessions for all scopes...
2025-10-02 17:50:14.013 [info] Got 0 sessions for ...
2025-10-02 17:50:14.013 [info] Getting sessions for all scopes...
2025-10-02 17:50:14.014 [info] Got 0 sessions for ...
2025-10-02 17:50:14.014 [info] Getting sessions for all scopes...
2025-10-02 17:50:14.014 [info] Got 0 sessions for ...
2025-10-02 17:50:14.014 [info] Getting sessions for all scopes...
2025-10-02 17:50:14.014 [info] Got 0 sessions for ...
2025-10-02 17:50:14.014 [info] Getting sessions for all scopes...
2025-10-02 17:50:14.014 [info] Got 0 sessions for ...
2025-10-02 17:50:14.014 [info] Getting sessions for all scopes...
2025-10-02 17:50:14.014 [info] Got 0 sessions for ...
2025-10-02 17:50:14.058 [info] Getting sessions for all scopes...
2025-10-02 17:50:14.058 [info] Got 0 sessions for ...
2025-10-02 17:50:14.081 [info] Getting sessions for all scopes...
2025-10-02 17:50:14.081 [info] Got 0 sessions for ...
2025-10-02 17:50:14.081 [info] Getting sessions for all scopes...
2025-10-02 17:50:14.081 [info] Got 0 sessions for ...
2025-10-02 17:50:14.081 [info] Getting sessions for all scopes...
2025-10-02 17:50:14.081 [info] Got 0 sessions for ...
2025-10-02 17:50:14.081 [info] Getting sessions for all scopes...
2025-10-02 17:50:14.081 [info] Got 0 sessions for ...
2025-10-02 17:50:14.081 [info] Getting sessions for all scopes...
2025-10-02 17:50:14.081 [info] Got 0 sessions for ...
2025-10-02 17:50:14.127 [info] Getting sessions for all scopes...
2025-10-02 17:50:14.127 [info] Got 0 sessions for ...
2025-10-02 17:50:15.775 [info] Getting sessions for all scopes...
2025-10-02 17:50:15.775 [info] Got 0 sessions for ...
2025-10-02 17:50:15.775 [info] Getting sessions for all scopes...
2025-10-02 17:50:15.775 [info] Got 0 sessions for ...
2025-10-02 17:50:15.783 [info] Getting sessions for all scopes...
2025-10-02 17:50:15.783 [info] Got 0 sessions for ...
2025-10-02 17:50:18.289 [info] Getting sessions for read:user,repo,user:email,workflow...
2025-10-02 17:50:18.289 [info] Got 0 sessions for read:user,repo,user:email,workflow...
