2025-09-15 20:26:33.644 [info] Extension host with pid 8235 started
2025-09-15 20:26:33.644 [info] Skipping acquiring lock for /home/nekraut/.config/Code/User/workspaceStorage/e8c2aa1c715c9318dd00e6eac4a48f12.
2025-09-15 20:26:33.852 [info] ExtensionService#_doActivateExtension vscode.github-authentication, startup: false, activationEvent: 'onAuthenticationRequest:github'
2025-09-15 20:26:33.888 [info] ExtensionService#_doActivateExtension vscode.emmet, startup: false, activationEvent: 'onLanguage'
2025-09-15 20:26:33.914 [info] ExtensionService#_doActivateExtension redhat.vscode-yaml, startup: false, activationEvent: 'onLanguage:yaml', root cause: me-dutour-mathieu.vscode-github-actions
2025-09-15 20:26:34.147 [info] ExtensionService#_doActivateExtension me-dutour-mathieu.vscode-github-actions, startup: false, activationEvent: 'onLanguage:yaml'
2025-09-15 20:26:34.227 [info] ExtensionService#_doActivateExtension vscode.git-base, startup: true, activationEvent: '*', root cause: vscode.git
2025-09-15 20:26:34.247 [info] ExtensionService#_doActivateExtension vscode.git, startup: true, activationEvent: '*'
2025-09-15 20:26:34.270 [info] Extension host with pid 8289 started
2025-09-15 20:26:34.270 [info] Skipping acquiring lock for /home/nekraut/.config/Code/User/workspaceStorage/e8c2aa1c715c9318dd00e6eac4a48f12.
2025-09-15 20:26:34.280 [info] Eager extensions activated
2025-09-15 20:26:34.295 [info] ExtensionService#_doActivateExtension asvetliakov.vscode-neovim, startup: false, activationEvent: 'onStartupFinished'
2025-09-15 20:26:34.323 [info] ExtensionService#_doActivateExtension vscode.github, startup: true, activationEvent: '*'
2025-09-15 20:26:34.506 [info] Eager extensions activated
2025-09-15 20:26:34.521 [info] ExtensionService#_doActivateExtension vscode.debug-auto-launch, startup: false, activationEvent: 'onStartupFinished'
2025-09-15 20:26:34.525 [info] ExtensionService#_doActivateExtension vscode.merge-conflict, startup: false, activationEvent: 'onStartupFinished'
2025-09-15 20:26:34.551 [warning] [redhat.vscode-yaml] Accessing a resource scoped configuration without providing a resource is not expected. To get the effective value for '[yaml]', provide the URI of a resource or 'null' for any resource.
2025-09-15 20:26:34.559 [warning] [redhat.vscode-yaml] Accessing a resource scoped configuration without providing a resource is not expected. To get the effective value for '[yaml]', provide the URI of a resource or 'null' for any resource.
2025-09-15 20:26:34.675 [warning] [redhat.vscode-yaml] Accessing a resource scoped configuration without providing a resource is not expected. To get the effective value for '[yaml]', provide the URI of a resource or 'null' for any resource.
2025-09-15 20:26:34.832 [warning] [redhat.vscode-yaml] Accessing a resource scoped configuration without providing a resource is not expected. To get the effective value for '[yaml]', provide the URI of a resource or 'null' for any resource.
2025-09-15 20:26:35.414 [warning] [redhat.vscode-yaml] Accessing a resource scoped configuration without providing a resource is not expected. To get the effective value for '[yaml]', provide the URI of a resource or 'null' for any resource.
2025-09-15 20:26:51.429 [info] Extension host terminating: renderer closed the MessagePort
2025-09-15 20:26:51.441 [info] Extension host with pid 8289 exiting with code 0
2025-09-15 20:26:51.447 [info] Extension host terminating: renderer closed the MessagePort
2025-09-15 20:26:51.458 [info] Extension host with pid 8235 exiting with code 0
