2025-09-08 14:31:07.711 [info] Reading sessions from keychain...
2025-09-08 14:31:07.711 [info] Getting sessions for all scopes...
2025-09-08 14:31:07.711 [info] Got 0 sessions for ...
2025-09-08 14:31:07.711 [info] Getting sessions for all scopes...
2025-09-08 14:31:07.711 [info] Got 0 sessions for ...
2025-09-08 14:31:07.711 [info] Getting sessions for all scopes...
2025-09-08 14:31:07.711 [info] Got 0 sessions for ...
2025-09-08 14:31:07.711 [info] Getting sessions for all scopes...
2025-09-08 14:31:07.711 [info] Got 0 sessions for ...
2025-09-08 14:31:07.711 [info] Getting sessions for all scopes...
2025-09-08 14:31:07.711 [info] Got 0 sessions for ...
2025-09-08 14:31:07.711 [info] Getting sessions for all scopes...
2025-09-08 14:31:07.711 [info] Got 0 sessions for ...
2025-09-08 14:31:07.711 [info] Getting sessions for all scopes...
2025-09-08 14:31:07.711 [info] Got 0 sessions for ...
2025-09-08 14:31:07.711 [info] Getting sessions for all scopes...
2025-09-08 14:31:07.711 [info] Got 0 sessions for ...
2025-09-08 14:31:07.715 [info] Getting sessions for all scopes...
2025-09-08 14:31:07.715 [info] Got 0 sessions for ...
2025-09-08 14:31:07.716 [info] Getting sessions for all scopes...
2025-09-08 14:31:07.716 [info] Got 0 sessions for ...
2025-09-08 14:31:07.716 [info] Getting sessions for all scopes...
2025-09-08 14:31:07.716 [info] Got 0 sessions for ...
2025-09-08 14:31:07.716 [info] Getting sessions for all scopes...
2025-09-08 14:31:07.716 [info] Got 0 sessions for ...
2025-09-08 14:31:07.717 [info] Getting sessions for all scopes...
2025-09-08 14:31:07.717 [info] Got 0 sessions for ...
2025-09-08 14:31:07.877 [info] Getting sessions for all scopes...
2025-09-08 14:31:07.877 [info] Got 0 sessions for ...
2025-09-08 14:31:08.281 [info] Getting sessions for all scopes...
2025-09-08 14:31:08.281 [info] Got 0 sessions for ...
2025-09-08 14:31:09.251 [info] Getting sessions for all scopes...
2025-09-08 14:31:09.251 [info] Got 0 sessions for ...
2025-09-08 14:31:09.251 [info] Getting sessions for all scopes...
2025-09-08 14:31:09.251 [info] Got 0 sessions for ...
2025-09-08 14:31:09.257 [info] Getting sessions for all scopes...
2025-09-08 14:31:09.257 [info] Got 0 sessions for ...
2025-09-08 14:31:22.866 [info] Getting sessions for read:user,repo,user:email,workflow...
2025-09-08 14:31:22.866 [info] Got 0 sessions for read:user,repo,user:email,workflow...
