2025-11-20 10:28:46.634 [info] Extension host with pid 28295 started
2025-11-20 10:28:46.634 [info] Skipping acquiring lock for /home/nekraut/.config/Code/User/workspaceStorage/b8f173cbdc8ff0010e632c5392b960b7.
2025-11-20 10:28:47.154 [info] ExtensionService#_doActivateExtension vscode.github-authentication, startup: false, activationEvent: 'onAuthenticationRequest:github'
2025-11-20 10:28:47.219 [info] ExtensionService#_doActivateExtension vscode.emmet, startup: false, activationEvent: 'onLanguage'
2025-11-20 10:28:47.261 [info] ExtensionService#_doActivateExtension vscode.configuration-editing, startup: false, activationEvent: 'onLanguage:jsonc'
2025-11-20 10:28:47.282 [info] ExtensionService#_doActivateExtension vscode.json-language-features, startup: false, activationEvent: 'onLanguage:jsonc'
2025-11-20 10:28:47.387 [info] ExtensionService#_doActivateExtension vscode.typescript-language-features, startup: false, activationEvent: 'onLanguage:jsonc'
2025-11-20 10:28:48.162 [info] ExtensionService#_doActivateExtension vscode.git-base, startup: true, activationEvent: '*', root cause: vscode.git
2025-11-20 10:28:48.169 [info] ExtensionService#_doActivateExtension vscode.npm, startup: true, activationEvent: 'workspaceContains:package.json'
2025-11-20 10:28:48.242 [info] Extension host with pid 28376 started
2025-11-20 10:28:48.242 [info] Skipping acquiring lock for /home/nekraut/.config/Code/User/workspaceStorage/b8f173cbdc8ff0010e632c5392b960b7.
2025-11-20 10:28:48.261 [info] Eager extensions activated
2025-11-20 10:28:48.264 [info] ExtensionService#_doActivateExtension vscode.git, startup: true, activationEvent: '*'
2025-11-20 10:28:48.277 [info] ExtensionService#_doActivateExtension asvetliakov.vscode-neovim, startup: false, activationEvent: 'onStartupFinished'
2025-11-20 10:28:48.389 [info] ExtensionService#_doActivateExtension vscode.github, startup: true, activationEvent: '*'
2025-11-20 10:28:48.723 [info] Eager extensions activated
2025-11-20 10:28:48.862 [info] ExtensionService#_doActivateExtension vscode.debug-auto-launch, startup: false, activationEvent: 'onStartupFinished'
2025-11-20 10:28:48.867 [info] ExtensionService#_doActivateExtension vscode.merge-conflict, startup: false, activationEvent: 'onStartupFinished'
2025-11-20 10:28:53.576 [info] ExtensionService#_doActivateExtension vscode.extension-editing, startup: false, activationEvent: 'onLanguage:json'
2025-11-20 10:29:48.579 [info] Extension host terminating: renderer closed the MessagePort
2025-11-20 10:29:48.590 [warning] ExtHostTextEditorOptions 'setCursorStyle' failed:'
2025-11-20 10:29:48.594 [warning] Canceled
2025-11-20 10:29:48.595 [info] Extension host with pid 28376 exiting with code 0
2025-11-20 10:29:48.596 [info] Extension host terminating: renderer closed the MessagePort
2025-11-20 10:29:48.621 [info] Extension host with pid 28295 exiting with code 0
