2025-10-02 17:50:18.183 [info] [main] Log level: Info
2025-10-02 17:50:18.183 [info] [main] Validating found git in: "git"
2025-10-02 17:50:18.183 [info] [main] Using git "2.51.0" from "git"
2025-10-02 17:50:18.183 [info] [Model][doInitialScan] Initial repository scan started
2025-10-02 17:50:18.183 [info] > git rev-parse --show-toplevel [17ms]
2025-10-02 17:50:18.183 [info] > git rev-parse --git-dir --git-common-dir --show-superproject-working-tree [12ms]
2025-10-02 17:50:18.183 [info] [Model][openRepository] Opened repository (path): /home/nekraut/gitclones/news_app_dashboard
2025-10-02 17:50:18.183 [info] [Model][openRepository] Opened repository (real path): /home/nekraut/gitclones/news_app_dashboard
2025-10-02 17:50:18.183 [info] [Model][openRepository] Opened repository (kind): repository
2025-10-02 17:50:18.184 [info] > git rev-parse --show-toplevel [4ms]
2025-10-02 17:50:18.184 [info] > git config --get commit.template [9ms]
2025-10-02 17:50:18.202 [info] > git for-each-ref --format=%(refname)%00%(upstream:short)%00%(objectname)%00%(upstream:track)%00%(upstream:remotename)%00%(upstream:remoteref) refs/heads/main refs/remotes/main [6ms]
2025-10-02 17:50:18.203 [info] > git rev-parse --show-toplevel [11ms]
2025-10-02 17:50:18.203 [info] [Model][doInitialScan] Initial repository scan completed - repositories (1), closed repositories (0), parent repositories (0), unsafe repositories (0)
2025-10-02 17:50:18.208 [warning] [Git][revParse] Unable to read file: ENOENT: no such file or directory, open '/home/nekraut/gitclones/news_app_dashboard/.git/refs/remotes/origin/main'
2025-10-02 17:50:18.210 [info] > git rev-parse refs/remotes/origin/main [2ms]
2025-10-02 17:50:18.237 [info] > git status -z -uall [22ms]
2025-10-02 17:50:18.238 [info] > git for-each-ref --sort -committerdate --format %(refname)%00%(objectname)%00%(*objectname) [18ms]
2025-10-02 17:50:18.268 [info] > git for-each-ref --format=%(refname)%00%(upstream:short)%00%(objectname)%00%(upstream:track)%00%(upstream:remotename)%00%(upstream:remoteref) refs/heads/main refs/remotes/main [12ms]
2025-10-02 17:50:18.277 [info] > git config --get --local branch.main.vscode-merge-base [4ms]
2025-10-02 17:50:18.277 [warning] [Git][config] git config failed: Failed to execute git
2025-10-02 17:50:18.283 [info] > git config --get commit.template [17ms]
2025-10-02 17:50:18.289 [info] > git reflog main --grep-reflog=branch: Created from *. [7ms]
2025-10-02 17:50:18.294 [info] > git for-each-ref --format=%(refname)%00%(upstream:short)%00%(objectname)%00%(upstream:track)%00%(upstream:remotename)%00%(upstream:remoteref) refs/heads/main refs/remotes/main [6ms]
2025-10-02 17:50:18.299 [warning] [Git][revParse] Unable to read file: ENOENT: no such file or directory, open '/home/nekraut/gitclones/news_app_dashboard/.git/refs/remotes/origin/main'
2025-10-02 17:50:18.300 [info] > git symbolic-ref --short refs/remotes/origin/HEAD [7ms]
2025-10-02 17:50:18.306 [info] > git rev-parse refs/remotes/origin/main [7ms]
2025-10-02 17:50:18.317 [info] > git status -z -uall [6ms]
2025-10-02 17:50:18.317 [info] > git for-each-ref --format=%(refname)%00%(upstream:short)%00%(objectname)%00%(upstream:track)%00%(upstream:remotename)%00%(upstream:remoteref) refs/heads/origin/main refs/remotes/origin/main [12ms]
2025-10-02 17:50:18.324 [info] > git for-each-ref --sort -committerdate --format %(refname)%00%(objectname)%00%(*objectname) [8ms]
2025-10-02 17:50:18.327 [info] > git config --add --local branch.main.vscode-merge-base origin/main [3ms]
2025-10-02 17:50:18.339 [info] > git config --get commit.template [7ms]
2025-10-02 17:50:18.340 [info] > git for-each-ref --format=%(refname)%00%(upstream:short)%00%(objectname)%00%(upstream:track)%00%(upstream:remotename)%00%(upstream:remoteref) refs/heads/main refs/remotes/main [2ms]
2025-10-02 17:50:18.345 [warning] [Git][revParse] Unable to read file: ENOENT: no such file or directory, open '/home/nekraut/gitclones/news_app_dashboard/.git/refs/remotes/origin/main'
2025-10-02 17:50:18.346 [info] > git rev-parse refs/remotes/origin/main [1ms]
2025-10-02 17:50:18.358 [info] > git status -z -uall [8ms]
2025-10-02 17:50:18.359 [info] > git for-each-ref --sort -committerdate --format %(refname)%00%(objectname)%00%(*objectname) [3ms]
2025-10-02 17:50:18.372 [info] > git merge-base refs/heads/main refs/remotes/origin/main [6ms]
2025-10-02 17:50:18.378 [info] > git merge-base refs/heads/main refs/remotes/origin/main [7ms]
2025-10-02 17:50:18.385 [info] > git diff --name-status -z --diff-filter=ADMR f41983423ed88441db4cd0884a5c15570da5754b...refs/remotes/origin/main [8ms]
2025-10-02 17:50:18.386 [info] > git diff --name-status -z --diff-filter=ADMR f41983423ed88441db4cd0884a5c15570da5754b...refs/remotes/origin/main [2ms]
2025-10-02 17:50:18.692 [info] > git check-ignore -v -z --stdin [1ms]
2025-10-02 17:50:19.123 [info] > git fetch [956ms]
2025-10-02 17:50:19.136 [info] > git config --get commit.template [7ms]
2025-10-02 17:50:19.139 [info] > git for-each-ref --format=%(refname)%00%(upstream:short)%00%(objectname)%00%(upstream:track)%00%(upstream:remotename)%00%(upstream:remoteref) refs/heads/main refs/remotes/main [4ms]
2025-10-02 17:50:19.145 [warning] [Git][revParse] Unable to read file: ENOENT: no such file or directory, open '/home/nekraut/gitclones/news_app_dashboard/.git/refs/remotes/origin/main'
2025-10-02 17:50:19.146 [info] > git rev-parse refs/remotes/origin/main [1ms]
2025-10-02 17:50:19.159 [info] > git status -z -uall [7ms]
2025-10-02 17:50:19.161 [info] > git for-each-ref --sort -committerdate --format %(refname)%00%(objectname)%00%(*objectname) [3ms]
2025-10-02 17:50:20.266 [info] > git for-each-ref --format=%(refname)%00%(upstream:short)%00%(objectname)%00%(upstream:track)%00%(upstream:remotename)%00%(upstream:remoteref) refs/heads/main refs/remotes/main [6ms]
2025-10-02 17:50:20.266 [info] > git config --get commit.template [11ms]
2025-10-02 17:50:20.271 [warning] [Git][revParse] Unable to read file: ENOENT: no such file or directory, open '/home/nekraut/gitclones/news_app_dashboard/.git/refs/remotes/origin/main'
2025-10-02 17:50:20.271 [info] > git check-ignore -v -z --stdin [6ms]
2025-10-02 17:50:20.272 [info] > git rev-parse refs/remotes/origin/main [1ms]
2025-10-02 17:50:20.282 [info] > git status -z -uall [5ms]
2025-10-02 17:50:20.283 [info] > git for-each-ref --sort -committerdate --format %(refname)%00%(objectname)%00%(*objectname) [1ms]
2025-10-02 17:50:21.634 [info] > git check-ignore -v -z --stdin [1ms]
2025-10-02 17:50:26.645 [info] > git show --textconv :src/App.jsx [7ms]
2025-10-02 17:50:26.650 [info] > git ls-files --stage -- src/App.jsx [5ms]
2025-10-02 17:50:26.658 [info] > git cat-file -s 6d297010ec4867bcc115e7f1b794c81506171d96 [2ms]
2025-10-02 17:50:28.330 [info] > git blame --root --incremental f41983423ed88441db4cd0884a5c15570da5754b -- src/App.jsx [1ms]
