2025-09-08 14:31:07.994 [info] [main] Log level: Info
2025-09-08 14:31:07.994 [info] [main] Validating found git in: "git"
2025-09-08 14:31:07.994 [info] [main] Using git "2.51.0" from "git"
2025-09-08 14:31:07.994 [info] [Model][doInitialScan] Initial repository scan started
2025-09-08 14:31:07.994 [info] > git rev-parse --show-toplevel [13ms]
2025-09-08 14:31:07.994 [info] > git rev-parse --show-toplevel [5ms]
2025-09-08 14:31:07.994 [info] > git rev-parse --show-toplevel [2ms]
2025-09-08 14:31:07.994 [info] > git rev-parse --show-toplevel [2ms]
2025-09-08 14:31:07.994 [info] [Model][doInitialScan] Initial repository scan completed - repositories (0), closed repositories (0), parent repositories (1), unsafe repositories (0)
2025-09-08 14:31:08.231 [info] > git rev-parse --show-toplevel [2ms]
2025-09-08 14:31:08.309 [info] > git rev-parse --show-toplevel [4ms]
2025-09-08 14:31:09.140 [info] > git rev-parse --show-toplevel [4ms]
2025-09-08 14:31:22.763 [info] > git rev-parse --show-toplevel [2ms]
2025-09-08 14:31:22.772 [info] > git rev-parse --git-dir --git-common-dir --show-superproject-working-tree [4ms]
2025-09-08 14:31:22.791 [info] [Model][openRepository] Opened repository (path): /home/nekraut/Programming/Python/safe_builtins
2025-09-08 14:31:22.791 [info] [Model][openRepository] Opened repository (real path): /home/nekraut/Programming/Python/safe_builtins
2025-09-08 14:31:22.791 [info] [Model][openRepository] Opened repository (kind): repository
2025-09-08 14:31:22.802 [info] > git config --get commit.template [2ms]
2025-09-08 14:31:22.812 [info] > git for-each-ref --format=%(refname)%00%(upstream:short)%00%(objectname)%00%(upstream:track)%00%(upstream:remotename)%00%(upstream:remoteref) refs/heads/master refs/remotes/master [2ms]
2025-09-08 14:31:22.828 [info] > git status -z -uall [9ms]
2025-09-08 14:31:22.829 [info] > git for-each-ref --sort -committerdate --format %(refname)%00%(objectname)%00%(*objectname) [2ms]
2025-09-08 14:31:22.850 [info] > git for-each-ref --format=%(refname)%00%(upstream:short)%00%(objectname)%00%(upstream:track)%00%(upstream:remotename)%00%(upstream:remoteref) refs/heads/master refs/remotes/master [10ms]
2025-09-08 14:31:22.857 [info] > git config --get commit.template [7ms]
2025-09-08 14:31:22.859 [info] > git config --get --local branch.master.vscode-merge-base [3ms]
2025-09-08 14:31:22.873 [info] > git for-each-ref --format=%(refname)%00%(upstream:short)%00%(objectname)%00%(upstream:track)%00%(upstream:remotename)%00%(upstream:remoteref) refs/heads/origin/master refs/remotes/origin/master [8ms]
2025-09-08 14:31:22.883 [info] > git merge-base refs/heads/master refs/remotes/origin/master [4ms]
2025-09-08 14:31:22.890 [info] > git for-each-ref --format=%(refname)%00%(upstream:short)%00%(objectname)%00%(upstream:track)%00%(upstream:remotename)%00%(upstream:remoteref) refs/heads/master refs/remotes/master [18ms]
2025-09-08 14:31:22.903 [info] > git status -z -uall [7ms]
2025-09-08 14:31:22.903 [info] > git diff --name-status -z --diff-filter=ADMR 1d36eca115b76ef18833265584a01412f42dbc10...refs/remotes/origin/master [13ms]
2025-09-08 14:31:22.904 [info] > git for-each-ref --sort -committerdate --format %(refname)%00%(objectname)%00%(*objectname) [2ms]
2025-09-08 14:31:23.099 [info] > git show --textconv :.github/workflows/ci.yml [7ms]
2025-09-08 14:31:23.100 [info] > git ls-files --stage -- .github/workflows/ci.yml [1ms]
2025-09-08 14:31:23.107 [info] > git cat-file -s 5a205cdbda3c13fc10dc51cced06cb091e0858df [1ms]
2025-09-08 14:31:23.134 [info] > git blame --root --incremental 1d36eca115b76ef18833265584a01412f42dbc10 -- .github/workflows/ci.yml [5ms]
2025-09-08 14:31:23.312 [info] > git check-ignore -v -z --stdin [1ms]
2025-09-08 14:31:24.239 [info] > git fetch [1448ms]
2025-09-08 14:31:24.239 [info] git@github.com: Permission denied (publickey).
fatal: Could not read from remote repository.

Please make sure you have the correct access rights
and the repository exists.
2025-09-08 14:31:24.253 [info] > git config --get commit.template [7ms]
2025-09-08 14:31:24.254 [info] > git for-each-ref --format=%(refname)%00%(upstream:short)%00%(objectname)%00%(upstream:track)%00%(upstream:remotename)%00%(upstream:remoteref) refs/heads/master refs/remotes/master [2ms]
2025-09-08 14:31:24.265 [info] > git status -z -uall [5ms]
2025-09-08 14:31:24.267 [info] > git for-each-ref --sort -committerdate --format %(refname)%00%(objectname)%00%(*objectname) [1ms]
2025-09-08 14:32:14.525 [info] > git config --get commit.template [9ms]
2025-09-08 14:32:14.533 [info] > git ls-files --stage -- .github/workflows/ci.yml [9ms]
2025-09-08 14:32:14.540 [info] > git for-each-ref --format=%(refname)%00%(upstream:short)%00%(objectname)%00%(upstream:track)%00%(upstream:remotename)%00%(upstream:remoteref) refs/heads/master refs/remotes/master [8ms]
2025-09-08 14:32:14.555 [info] > git status -z -uall [9ms]
2025-09-08 14:32:14.555 [info] > git cat-file -s 5a205cdbda3c13fc10dc51cced06cb091e0858df [15ms]
2025-09-08 14:32:14.557 [info] > git for-each-ref --sort -committerdate --format %(refname)%00%(objectname)%00%(*objectname) [3ms]
2025-09-08 14:32:14.574 [info] > git show --textconv :.github/workflows/ci.yml [3ms]
2025-09-08 14:34:11.664 [info] > git config --get commit.template [8ms]
2025-09-08 14:34:11.671 [info] > git ls-files --stage -- .github/workflows/ci.yml [8ms]
2025-09-08 14:34:11.678 [info] > git for-each-ref --format=%(refname)%00%(upstream:short)%00%(objectname)%00%(upstream:track)%00%(upstream:remotename)%00%(upstream:remoteref) refs/heads/master refs/remotes/master [7ms]
2025-09-08 14:34:11.678 [info] > git cat-file -s e6343e06b1c8e5cd0c310b089fac48d93858d5e9 [1ms]
2025-09-08 14:34:11.693 [info] > git status -z -uall [8ms]
2025-09-08 14:34:11.701 [info] > git for-each-ref --sort -committerdate --format %(refname)%00%(objectname)%00%(*objectname) [9ms]
2025-09-08 14:34:11.718 [info] > git show --textconv :.github/workflows/ci.yml [18ms]
2025-09-08 14:34:11.719 [info] > git blame --root --incremental 40b546087a9e05bf8da704ebcd1f2f0b7c784710 -- .github/workflows/ci.yml [9ms]
2025-09-08 14:34:11.721 [info] > git merge-base refs/heads/master refs/remotes/origin/master [4ms]
2025-09-08 14:34:11.728 [info] > git diff --name-status -z --diff-filter=ADMR 40b546087a9e05bf8da704ebcd1f2f0b7c784710...refs/remotes/origin/master [2ms]
2025-09-08 14:35:00.374 [info] > git config --get commit.template [7ms]
2025-09-08 14:35:00.375 [info] > git for-each-ref --format=%(refname)%00%(upstream:short)%00%(objectname)%00%(upstream:track)%00%(upstream:remotename)%00%(upstream:remoteref) refs/heads/master refs/remotes/master [2ms]
2025-09-08 14:35:00.388 [info] > git status -z -uall [7ms]
2025-09-08 14:35:00.389 [info] > git for-each-ref --sort -committerdate --format %(refname)%00%(objectname)%00%(*objectname) [2ms]
2025-09-08 14:35:03.594 [info] > git fetch [3235ms]
2025-09-08 14:35:03.608 [info] > git for-each-ref --format=%(refname)%00%(upstream:short)%00%(objectname)%00%(upstream:track)%00%(upstream:remotename)%00%(upstream:remoteref) refs/heads/master refs/remotes/master [2ms]
2025-09-08 14:35:03.608 [info] > git config --get commit.template [8ms]
2025-09-08 14:35:03.620 [info] > git status -z -uall [6ms]
2025-09-08 14:35:03.621 [info] > git for-each-ref --sort -committerdate --format %(refname)%00%(objectname)%00%(*objectname) [1ms]
2025-09-08 14:35:27.455 [info] > git ls-files --stage -- .github/workflows/ci.yml [3ms]
2025-09-08 14:35:27.466 [info] > git cat-file -s e6343e06b1c8e5cd0c310b089fac48d93858d5e9 [4ms]
2025-09-08 14:35:27.480 [info] > git show --textconv :.github/workflows/ci.yml [2ms]
2025-09-08 14:37:06.090 [info] > git show --textconv :.github/workflows/release.yml [6ms]
2025-09-08 14:37:06.091 [info] > git ls-files --stage -- .github/workflows/release.yml [1ms]
2025-09-08 14:37:06.099 [info] > git cat-file -s 4429f5fbcb17fcf88b43f5fb22f9da43ca1c8052 [2ms]
2025-09-08 14:37:10.740 [info] > git show --textconv :.github/workflows/ci.yml [6ms]
2025-09-08 14:37:10.741 [info] > git ls-files --stage -- .github/workflows/ci.yml [1ms]
2025-09-08 14:37:10.748 [info] > git cat-file -s e6343e06b1c8e5cd0c310b089fac48d93858d5e9 [1ms]
2025-09-08 14:37:19.082 [info] > git config --get commit.template [8ms]
2025-09-08 14:37:19.083 [info] > git for-each-ref --format=%(refname)%00%(upstream:short)%00%(objectname)%00%(upstream:track)%00%(upstream:remotename)%00%(upstream:remoteref) refs/heads/master refs/remotes/master [2ms]
2025-09-08 14:37:19.095 [info] > git status -z -uall [7ms]
2025-09-08 14:37:19.096 [info] > git for-each-ref --sort -committerdate --format %(refname)%00%(objectname)%00%(*objectname) [2ms]
2025-09-08 14:37:24.109 [info] > git config --get commit.template [2ms]
2025-09-08 14:37:24.115 [info] > git for-each-ref --format=%(refname)%00%(upstream:short)%00%(objectname)%00%(upstream:track)%00%(upstream:remotename)%00%(upstream:remoteref) refs/heads/master refs/remotes/master [1ms]
2025-09-08 14:37:24.128 [info] > git status -z -uall [7ms]
2025-09-08 14:37:24.129 [info] > git for-each-ref --sort -committerdate --format %(refname)%00%(objectname)%00%(*objectname) [2ms]
2025-09-08 14:37:38.030 [info] > git config --get commit.template [7ms]
2025-09-08 14:37:38.032 [info] > git for-each-ref --format=%(refname)%00%(upstream:short)%00%(objectname)%00%(upstream:track)%00%(upstream:remotename)%00%(upstream:remoteref) refs/heads/master refs/remotes/master [2ms]
2025-09-08 14:37:38.046 [info] > git status -z -uall [9ms]
2025-09-08 14:37:38.054 [info] > git for-each-ref --sort -committerdate --format %(refname)%00%(objectname)%00%(*objectname) [8ms]
2025-09-08 14:37:38.056 [info] > git ls-files --stage -- .github/workflows/ci.yml [3ms]
2025-09-08 14:37:38.063 [info] > git cat-file -s e6343e06b1c8e5cd0c310b089fac48d93858d5e9 [2ms]
2025-09-08 14:37:38.071 [info] > git show --textconv :.github/workflows/ci.yml [2ms]
2025-09-08 14:37:41.617 [info] > git show --textconv :.github/workflows/release.yml [7ms]
2025-09-08 14:37:41.618 [info] > git ls-files --stage -- .github/workflows/release.yml [2ms]
2025-09-08 14:37:41.624 [info] > git cat-file -s 4429f5fbcb17fcf88b43f5fb22f9da43ca1c8052 [1ms]
2025-09-08 14:37:45.314 [info] > git show --textconv :.github/workflows/ci.yml [7ms]
2025-09-08 14:37:45.315 [info] > git ls-files --stage -- .github/workflows/ci.yml [2ms]
2025-09-08 14:37:45.321 [info] > git cat-file -s e6343e06b1c8e5cd0c310b089fac48d93858d5e9 [1ms]
2025-09-08 14:38:04.818 [info] > git ls-files --stage -- .github/workflows/ci.yml [2ms]
2025-09-08 14:38:04.825 [info] > git cat-file -s e6343e06b1c8e5cd0c310b089fac48d93858d5e9 [1ms]
2025-09-08 14:38:04.832 [info] > git show --textconv :.github/workflows/ci.yml [2ms]
2025-09-08 14:38:06.219 [info] > git show --textconv :.github/workflows/release.yml [5ms]
2025-09-08 14:38:06.219 [info] > git ls-files --stage -- .github/workflows/release.yml [1ms]
2025-09-08 14:38:06.226 [info] > git cat-file -s 4429f5fbcb17fcf88b43f5fb22f9da43ca1c8052 [1ms]
2025-09-08 14:38:07.867 [info] > git fetch [4237ms]
2025-09-08 14:38:07.867 [info] From github.com:kkkfasya/safe-builtins
 * [new tag]         0.2.1      -> 0.2.1
2025-09-08 14:38:07.881 [info] > git config --get commit.template [7ms]
2025-09-08 14:38:07.882 [info] > git for-each-ref --format=%(refname)%00%(upstream:short)%00%(objectname)%00%(upstream:track)%00%(upstream:remotename)%00%(upstream:remoteref) refs/heads/master refs/remotes/master [1ms]
2025-09-08 14:38:07.893 [info] > git status -z -uall [5ms]
2025-09-08 14:38:07.894 [info] > git for-each-ref --sort -committerdate --format %(refname)%00%(objectname)%00%(*objectname) [1ms]
2025-09-08 14:38:08.692 [info] > git ls-files --stage -- .github/workflows/release.yml [1ms]
2025-09-08 14:38:08.699 [info] > git cat-file -s 4429f5fbcb17fcf88b43f5fb22f9da43ca1c8052 [2ms]
2025-09-08 14:38:08.706 [info] > git show --textconv :.github/workflows/release.yml [1ms]
2025-09-08 14:38:08.928 [info] > git blame --root --incremental 40b546087a9e05bf8da704ebcd1f2f0b7c784710 -- .github/workflows/release.yml [13ms]
2025-09-08 14:39:58.744 [info] > git config --get commit.template [9ms]
2025-09-08 14:39:58.751 [info] > git ls-files --stage -- .github/workflows/release.yml [8ms]
2025-09-08 14:39:58.758 [info] > git for-each-ref --format=%(refname)%00%(upstream:short)%00%(objectname)%00%(upstream:track)%00%(upstream:remotename)%00%(upstream:remoteref) refs/heads/master refs/remotes/master [8ms]
2025-09-08 14:39:58.770 [info] > git status -z -uall [6ms]
2025-09-08 14:39:58.770 [info] > git cat-file -s d71ff477f5366c887710d2d51caaf0ca52c41831 [12ms]
2025-09-08 14:39:58.772 [info] > git for-each-ref --sort -committerdate --format %(refname)%00%(objectname)%00%(*objectname) [3ms]
2025-09-08 14:39:58.786 [info] > git blame --root --incremental 6871b94fa7dd8589cf94c29d5771a1240767f496 -- .github/workflows/release.yml [6ms]
2025-09-08 14:39:58.794 [info] > git merge-base refs/heads/master refs/remotes/origin/master [9ms]
2025-09-08 14:39:58.801 [info] > git show --textconv :.github/workflows/release.yml [8ms]
2025-09-08 14:39:58.802 [info] > git diff --name-status -z --diff-filter=ADMR 6871b94fa7dd8589cf94c29d5771a1240767f496...refs/remotes/origin/master [2ms]
2025-09-08 14:44:48.520 [info] > git config --get commit.template [8ms]
2025-09-08 14:44:48.521 [info] > git for-each-ref --format=%(refname)%00%(upstream:short)%00%(objectname)%00%(upstream:track)%00%(upstream:remotename)%00%(upstream:remoteref) refs/heads/master refs/remotes/master [1ms]
2025-09-08 14:44:48.534 [info] > git status -z -uall [7ms]
2025-09-08 14:44:48.536 [info] > git for-each-ref --sort -committerdate --format %(refname)%00%(objectname)%00%(*objectname) [3ms]
2025-09-08 14:44:49.701 [info] > git ls-files --stage -- .github/workflows/release.yml [2ms]
2025-09-08 14:44:49.711 [info] > git cat-file -s d71ff477f5366c887710d2d51caaf0ca52c41831 [2ms]
2025-09-08 14:44:49.735 [info] > git show --textconv :.github/workflows/release.yml [1ms]
2025-09-08 14:44:51.755 [info] > git fetch [3250ms]
2025-09-08 14:44:51.768 [info] > git config --get commit.template [6ms]
2025-09-08 14:44:51.769 [info] > git for-each-ref --format=%(refname)%00%(upstream:short)%00%(objectname)%00%(upstream:track)%00%(upstream:remotename)%00%(upstream:remoteref) refs/heads/master refs/remotes/master [1ms]
2025-09-08 14:44:51.780 [info] > git status -z -uall [5ms]
2025-09-08 14:44:51.782 [info] > git for-each-ref --sort -committerdate --format %(refname)%00%(objectname)%00%(*objectname) [2ms]
2025-09-08 14:44:52.652 [info] > git ls-files --stage -- .github/workflows/release.yml [1ms]
2025-09-08 14:44:52.660 [info] > git cat-file -s d71ff477f5366c887710d2d51caaf0ca52c41831 [2ms]
2025-09-08 14:44:52.667 [info] > git show --textconv :.github/workflows/release.yml [2ms]
2025-09-08 14:49:22.710 [info] > git fetch [3245ms]
2025-09-08 14:49:22.723 [info] > git config --get commit.template [7ms]
2025-09-08 14:49:22.724 [info] > git for-each-ref --format=%(refname)%00%(upstream:short)%00%(objectname)%00%(upstream:track)%00%(upstream:remotename)%00%(upstream:remoteref) refs/heads/master refs/remotes/master [2ms]
2025-09-08 14:49:22.736 [info] > git status -z -uall [6ms]
2025-09-08 14:49:22.738 [info] > git for-each-ref --sort -committerdate --format %(refname)%00%(objectname)%00%(*objectname) [2ms]
2025-09-08 14:50:45.551 [info] > git ls-files --stage -- .github/workflows/release.yml [2ms]
2025-09-08 14:50:45.560 [info] > git cat-file -s d71ff477f5366c887710d2d51caaf0ca52c41831 [2ms]
2025-09-08 14:50:45.570 [info] > git show --textconv :.github/workflows/release.yml [2ms]
2025-09-08 14:51:51.422 [info] > git config --get commit.template [8ms]
2025-09-08 14:51:51.425 [info] > git for-each-ref --format=%(refname)%00%(upstream:short)%00%(objectname)%00%(upstream:track)%00%(upstream:remotename)%00%(upstream:remoteref) refs/heads/master refs/remotes/master [4ms]
2025-09-08 14:51:51.437 [info] > git status -z -uall [6ms]
2025-09-08 14:51:51.438 [info] > git for-each-ref --sort -committerdate --format %(refname)%00%(objectname)%00%(*objectname) [1ms]
2025-09-08 14:52:02.948 [info] > git config --get commit.template [9ms]
2025-09-08 14:52:02.949 [info] > git for-each-ref --format=%(refname)%00%(upstream:short)%00%(objectname)%00%(upstream:track)%00%(upstream:remotename)%00%(upstream:remoteref) refs/heads/master refs/remotes/master [1ms]
2025-09-08 14:52:02.965 [info] > git status -z -uall [8ms]
2025-09-08 14:52:02.966 [info] > git for-each-ref --sort -committerdate --format %(refname)%00%(objectname)%00%(*objectname) [2ms]
2025-09-08 15:02:07.263 [info] > git config --get commit.template [14ms]
2025-09-08 15:02:07.263 [info] > git ls-files --stage -- .github/workflows/release.yml [5ms]
2025-09-08 15:02:07.276 [info] > git cat-file -s 1d72ffa4d50c31092d60a597a218e4effee8d042 [6ms]
2025-09-08 15:02:07.283 [info] > git for-each-ref --format=%(refname)%00%(upstream:short)%00%(objectname)%00%(upstream:track)%00%(upstream:remotename)%00%(upstream:remoteref) refs/heads/master refs/remotes/master [7ms]
2025-09-08 15:02:07.300 [info] > git show --textconv :.github/workflows/release.yml [17ms]
2025-09-08 15:02:07.300 [info] > git status -z -uall [9ms]
2025-09-08 15:02:07.302 [info] > git for-each-ref --sort -committerdate --format %(refname)%00%(objectname)%00%(*objectname) [4ms]
2025-09-08 15:02:07.322 [info] > git blame --root --incremental 5b81f8c32003386bbb8ffff52033df8c3bcd1fef -- .github/workflows/release.yml [10ms]
2025-09-08 15:02:07.324 [info] > git merge-base refs/heads/master refs/remotes/origin/master [4ms]
2025-09-08 15:02:07.332 [info] > git diff --name-status -z --diff-filter=ADMR 5b81f8c32003386bbb8ffff52033df8c3bcd1fef...refs/remotes/origin/master [2ms]
2025-09-08 15:02:08.435 [info] > git ls-files --stage -- .github/workflows/release.yml [2ms]
2025-09-08 15:02:08.442 [info] > git cat-file -s 1d72ffa4d50c31092d60a597a218e4effee8d042 [1ms]
2025-09-08 15:02:08.450 [info] > git show --textconv :.github/workflows/release.yml [1ms]
