2025-10-02 16:58:31.494 [info] [main] Log level: Info
2025-10-02 16:58:31.494 [info] [main] Validating found git in: "git"
2025-10-02 16:58:31.494 [info] [main] Using git "2.51.0" from "git"
2025-10-02 16:58:31.494 [info] [Model][doInitialScan] Initial repository scan started
2025-10-02 16:58:31.494 [info] > git rev-parse --show-toplevel [15ms]
2025-10-02 16:58:31.494 [info] > git rev-parse --show-toplevel [6ms]
2025-10-02 16:58:31.502 [info] > git rev-parse --show-toplevel [2ms]
2025-10-02 16:58:31.510 [info] > git rev-parse --show-toplevel [1ms]
2025-10-02 16:58:31.510 [info] [Model][doInitialScan] Initial repository scan completed - repositories (0), closed repositories (0), parent repositories (1), unsafe repositories (0)
2025-10-02 16:58:43.586 [info] > git rev-parse --show-toplevel [2ms]
2025-10-02 16:59:40.720 [info] > git rev-parse --show-toplevel [4ms]
2025-10-02 16:59:53.447 [info] > git rev-parse --show-toplevel [5ms]
2025-10-02 17:01:44.771 [info] > git rev-parse --show-toplevel [3ms]
2025-10-02 17:02:53.989 [info] > git rev-parse --show-toplevel [4ms]
2025-10-02 17:02:55.518 [info] > git rev-parse --show-toplevel [2ms]
2025-10-02 17:02:57.013 [info] > git rev-parse --show-toplevel [3ms]
2025-10-02 17:07:37.230 [info] > git rev-parse --show-toplevel [2ms]
2025-10-02 17:07:39.243 [info] > git rev-parse --show-toplevel [2ms]
2025-10-02 17:08:26.422 [info] > git rev-parse --show-toplevel [2ms]
2025-10-02 17:08:32.810 [info] > git rev-parse --show-toplevel [3ms]
2025-10-02 17:08:40.868 [info] > git rev-parse --show-toplevel [2ms]
2025-10-02 17:50:12.548 [info] > git rev-parse --show-toplevel [2ms]
2025-10-02 17:58:57.270 [info] > git rev-parse --show-toplevel [4ms]
2025-10-02 17:59:09.208 [info] > git rev-parse --show-toplevel [4ms]
2025-10-02 17:59:18.547 [info] > git rev-parse --show-toplevel [3ms]
2025-10-02 17:59:20.441 [info] > git rev-parse --show-toplevel [3ms]
2025-10-02 17:59:21.382 [info] > git rev-parse --show-toplevel [2ms]
2025-10-02 17:59:22.255 [info] > git rev-parse --show-toplevel [2ms]
2025-10-02 17:59:24.209 [info] > git rev-parse --show-toplevel [3ms]
2025-10-02 17:59:30.171 [info] > git rev-parse --show-toplevel [2ms]
2025-10-02 17:59:35.089 [info] > git rev-parse --show-toplevel [2ms]
2025-10-02 17:59:49.689 [info] > git rev-parse --show-toplevel [3ms]
2025-10-02 17:59:50.358 [info] > git rev-parse --show-toplevel [2ms]
2025-10-02 17:59:57.007 [info] > git rev-parse --show-toplevel [2ms]
2025-10-02 18:00:01.107 [info] > git rev-parse --show-toplevel [2ms]
2025-10-02 18:00:07.853 [info] > git rev-parse --show-toplevel [2ms]
2025-10-02 18:00:08.418 [info] > git rev-parse --show-toplevel [1ms]
2025-10-02 18:00:09.625 [info] > git rev-parse --show-toplevel [2ms]
2025-10-02 18:00:10.153 [info] > git rev-parse --show-toplevel [2ms]
2025-10-02 18:00:26.084 [info] > git rev-parse --show-toplevel [3ms]
2025-10-02 18:00:26.796 [info] > git rev-parse --show-toplevel [2ms]
2025-10-02 18:01:01.388 [info] > git rev-parse --show-toplevel [2ms]
2025-10-02 18:05:23.595 [info] > git rev-parse --show-toplevel [1ms]
2025-10-02 18:05:29.728 [info] > git rev-parse --show-toplevel [1ms]
2025-10-02 18:05:43.682 [info] > git rev-parse --show-toplevel [2ms]
