?non-             
?non-             
E486: Pattern not found: non-
?non-             
?non-             
E486: Pattern not found: non-
?non-             
?non-             
E486: Pattern not found: non-
/non-             
/non-             
E486: Pattern not found: non-
/non-             
/non-             
E486: Pattern not found: non-
/non-             
/non-             
E486: Pattern not found: non-
1 change; before #3  2 seconds ago
1 change; before #2  4 seconds ago
Already at oldest change
Already at oldest change
Already at oldest change
Already at oldest change
Already at oldest change
Already at oldest change
Already at oldest change
Already at oldest change
Already at oldest change
Already at oldest change
Already at oldest change
Already at oldest change
3 fewer lines
1 more line; before #24  11 seconds ago
3 more lines; before #23  12 seconds ago
