2025-08-30 05:59:13.651 [info] [main] Log level: Info
2025-08-30 05:59:13.651 [info] [main] Validating found git in: "git"
2025-08-30 05:59:13.651 [info] [main] Using git "2.51.0" from "git"
2025-08-30 05:59:13.651 [info] [Model][doInitialScan] Initial repository scan started
2025-08-30 05:59:13.651 [info] > git rev-parse --show-toplevel [4ms]
2025-08-30 05:59:13.651 [info] > git rev-parse --show-toplevel [1ms]
2025-08-30 05:59:13.651 [info] [Model][doInitialScan] Initial repository scan completed - repositories (0), closed repositories (0), parent repositories (1), unsafe repositories (0)
2025-08-30 05:59:13.760 [info] > git rev-parse --show-toplevel [1ms]
2025-08-30 05:59:13.813 [info] > git rev-parse --show-toplevel [2ms]
2025-08-30 05:59:15.221 [info] > git rev-parse --show-toplevel [2ms]
2025-08-30 05:59:15.618 [info] > git rev-parse --show-toplevel [1ms]
2025-08-30 05:59:17.556 [info] > git rev-parse --show-toplevel [1ms]
2025-08-30 05:59:33.351 [info] > git rev-parse --show-toplevel [1ms]
2025-08-30 05:59:33.360 [info] > git rev-parse --git-dir --git-common-dir --show-superproject-working-tree [3ms]
2025-08-30 05:59:33.375 [info] [Model][openRepository] Opened repository (path): /home/nekraut/Programming/Python/safe_builtins
2025-08-30 05:59:33.375 [info] [Model][openRepository] Opened repository (real path): /home/nekraut/Programming/Python/safe_builtins
2025-08-30 05:59:33.375 [info] [Model][openRepository] Opened repository (kind): repository
2025-08-30 05:59:33.385 [info] > git config --get commit.template [2ms]
2025-08-30 05:59:33.393 [info] > git for-each-ref --format=%(refname)%00%(upstream:short)%00%(objectname)%00%(upstream:track)%00%(upstream:remotename)%00%(upstream:remoteref) refs/heads/master refs/remotes/master [2ms]
2025-08-30 05:59:33.407 [info] > git status -z -uall [8ms]
2025-08-30 05:59:33.409 [info] > git for-each-ref --sort -committerdate --format %(refname)%00%(objectname)%00%(*objectname) [2ms]
2025-08-30 05:59:33.428 [info] > git for-each-ref --format=%(refname)%00%(upstream:short)%00%(objectname)%00%(upstream:track)%00%(upstream:remotename)%00%(upstream:remoteref) refs/heads/master refs/remotes/master [8ms]
2025-08-30 05:59:33.436 [info] > git config --get --local branch.master.vscode-merge-base [3ms]
2025-08-30 05:59:33.441 [info] > git config --get commit.template [13ms]
2025-08-30 05:59:33.447 [info] > git for-each-ref --format=%(refname)%00%(upstream:short)%00%(objectname)%00%(upstream:track)%00%(upstream:remotename)%00%(upstream:remoteref) refs/heads/origin/master refs/remotes/origin/master [7ms]
2025-08-30 05:59:33.455 [info] > git for-each-ref --format=%(refname)%00%(upstream:short)%00%(objectname)%00%(upstream:track)%00%(upstream:remotename)%00%(upstream:remoteref) refs/heads/master refs/remotes/master [9ms]
2025-08-30 05:59:33.456 [info] > git merge-base refs/heads/master refs/remotes/origin/master [2ms]
2025-08-30 05:59:33.467 [info] > git diff --name-status -z --diff-filter=ADMR 7d54a1226060c76cda0f284d534618b4a706e2b9...refs/remotes/origin/master [4ms]
2025-08-30 05:59:33.484 [info] > git status -z -uall [7ms]
2025-08-30 05:59:33.485 [info] > git for-each-ref --sort -committerdate --format %(refname)%00%(objectname)%00%(*objectname) [2ms]
2025-08-30 05:59:33.686 [info] > git show --textconv :.github/workflows/ci.yml [7ms]
2025-08-30 05:59:33.687 [info] > git ls-files --stage -- .github/workflows/ci.yml [2ms]
2025-08-30 05:59:33.694 [info] > git cat-file -s de523f0138cf484aa97ce631588c5e93e0f42078 [2ms]
2025-08-30 05:59:33.718 [info] > git blame --root --incremental 7d54a1226060c76cda0f284d534618b4a706e2b9 -- .github/workflows/ci.yml [3ms]
2025-08-30 05:59:33.893 [info] > git check-ignore -v -z --stdin [1ms]
2025-08-30 05:59:34.579 [info] > git ls-files --stage -- .github/workflows/ci.yml [2ms]
2025-08-30 05:59:34.586 [info] > git cat-file -s de523f0138cf484aa97ce631588c5e93e0f42078 [2ms]
2025-08-30 05:59:34.594 [info] > git show --textconv :.github/workflows/ci.yml [2ms]
2025-08-30 05:59:36.876 [info] > git fetch [3502ms]
2025-08-30 05:59:36.888 [info] > git config --get commit.template [6ms]
2025-08-30 05:59:36.889 [info] > git for-each-ref --format=%(refname)%00%(upstream:short)%00%(objectname)%00%(upstream:track)%00%(upstream:remotename)%00%(upstream:remoteref) refs/heads/master refs/remotes/master [1ms]
2025-08-30 05:59:36.900 [info] > git status -z -uall [6ms]
2025-08-30 05:59:36.901 [info] > git for-each-ref --sort -committerdate --format %(refname)%00%(objectname)%00%(*objectname) [2ms]
2025-08-30 05:59:37.776 [info] > git ls-files --stage -- .github/workflows/ci.yml [2ms]
2025-08-30 05:59:37.782 [info] > git cat-file -s de523f0138cf484aa97ce631588c5e93e0f42078 [1ms]
2025-08-30 05:59:37.791 [info] > git show --textconv :.github/workflows/ci.yml [2ms]
2025-08-30 05:59:56.346 [info] > git config --get commit.template [7ms]
2025-08-30 05:59:56.347 [info] > git for-each-ref --format=%(refname)%00%(upstream:short)%00%(objectname)%00%(upstream:track)%00%(upstream:remotename)%00%(upstream:remoteref) refs/heads/master refs/remotes/master [1ms]
2025-08-30 05:59:56.359 [info] > git status -z -uall [6ms]
2025-08-30 05:59:56.360 [info] > git for-each-ref --sort -committerdate --format %(refname)%00%(objectname)%00%(*objectname) [1ms]
2025-08-30 06:00:12.077 [info] > git config --get commit.template [3ms]
2025-08-30 06:00:12.085 [info] > git for-each-ref --format=%(refname)%00%(upstream:short)%00%(objectname)%00%(upstream:track)%00%(upstream:remotename)%00%(upstream:remoteref) refs/heads/master refs/remotes/master [2ms]
2025-08-30 06:00:12.097 [info] > git status -z -uall [6ms]
2025-08-30 06:00:12.099 [info] > git for-each-ref --sort -committerdate --format %(refname)%00%(objectname)%00%(*objectname) [2ms]
2025-08-30 06:03:08.987 [info] > git config --get commit.template [7ms]
2025-08-30 06:03:08.988 [info] > git for-each-ref --format=%(refname)%00%(upstream:short)%00%(objectname)%00%(upstream:track)%00%(upstream:remotename)%00%(upstream:remoteref) refs/heads/master refs/remotes/master [2ms]
2025-08-30 06:03:09.001 [info] > git status -z -uall [8ms]
2025-08-30 06:03:09.002 [info] > git for-each-ref --sort -committerdate --format %(refname)%00%(objectname)%00%(*objectname) [2ms]
2025-08-30 06:03:12.355 [info] > git fetch [3383ms]
2025-08-30 06:03:12.368 [info] > git config --get commit.template [6ms]
2025-08-30 06:03:12.369 [info] > git for-each-ref --format=%(refname)%00%(upstream:short)%00%(objectname)%00%(upstream:track)%00%(upstream:remotename)%00%(upstream:remoteref) refs/heads/master refs/remotes/master [2ms]
2025-08-30 06:03:12.383 [info] > git status -z -uall [8ms]
2025-08-30 06:03:12.383 [info] > git for-each-ref --sort -committerdate --format %(refname)%00%(objectname)%00%(*objectname) [2ms]
2025-08-30 22:15:28.330 [info] > git config --get commit.template [13ms]
2025-08-30 22:15:28.340 [info] > git ls-files --stage -- .github/workflows/ci.yml [10ms]
2025-08-30 22:15:28.349 [info] > git for-each-ref --format=%(refname)%00%(upstream:short)%00%(objectname)%00%(upstream:track)%00%(upstream:remotename)%00%(upstream:remoteref) refs/heads/master refs/remotes/master [10ms]
2025-08-30 22:15:28.366 [info] > git status -z -uall [9ms]
2025-08-30 22:15:28.367 [info] > git cat-file -s 5a205cdbda3c13fc10dc51cced06cb091e0858df [19ms]
2025-08-30 22:15:28.368 [info] > git for-each-ref --sort -committerdate --format %(refname)%00%(objectname)%00%(*objectname) [2ms]
2025-08-30 22:15:28.382 [info] > git show --textconv :.github/workflows/ci.yml [3ms]
2025-08-30 22:15:28.695 [info] > git show --textconv HEAD:.github/workflows/ci.yml [9ms]
2025-08-30 22:15:28.696 [info] > git ls-tree -l HEAD -- .github/workflows/ci.yml [2ms]
